Sun, 28 Feb 2021 07:30:08 gpu_task_scheduler.py[line:55] INFO gpu0 receives task aux_disc-False,dataset-google,epoch-400,epoch_checkpoint_freq-1,extra_checkpoint_freq-5,run-0,sample_len-1,self_norm-False,
Sun, 28 Feb 2021 07:30:10 gpu_task_scheduler.py[line:96] INFO gpu0 finishes task aux_disc-False,dataset-google,epoch-400,epoch_checkpoint_freq-1,extra_checkpoint_freq-5,run-0,sample_len-1,self_norm-False,
Sun, 28 Feb 2021 07:30:10 gpu_task_scheduler.py[line:55] INFO gpu0 receives task aux_disc-False,dataset-google,epoch-400,epoch_checkpoint_freq-1,extra_checkpoint_freq-5,run-0,sample_len-5,self_norm-False,
Sun, 28 Feb 2021 07:30:12 gpu_task_scheduler.py[line:96] INFO gpu0 finishes task aux_disc-False,dataset-google,epoch-400,epoch_checkpoint_freq-1,extra_checkpoint_freq-5,run-0,sample_len-5,self_norm-False,
Sun, 28 Feb 2021 07:30:12 gpu_task_scheduler.py[line:55] INFO gpu0 receives task aux_disc-False,dataset-google,epoch-400,epoch_checkpoint_freq-1,extra_checkpoint_freq-5,run-0,sample_len-10,self_norm-False,
Sun, 28 Feb 2021 07:30:14 gpu_task_scheduler.py[line:96] INFO gpu0 finishes task aux_disc-False,dataset-google,epoch-400,epoch_checkpoint_freq-1,extra_checkpoint_freq-5,run-0,sample_len-10,self_norm-False,
Sun, 28 Feb 2021 07:30:14 gpu_task_scheduler.py[line:55] INFO gpu0 receives task aux_disc-False,dataset-google,epoch-400,epoch_checkpoint_freq-1,extra_checkpoint_freq-5,run-1,sample_len-1,self_norm-False,
Sun, 28 Feb 2021 07:30:16 gpu_task_scheduler.py[line:96] INFO gpu0 finishes task aux_disc-False,dataset-google,epoch-400,epoch_checkpoint_freq-1,extra_checkpoint_freq-5,run-1,sample_len-1,self_norm-False,
Sun, 28 Feb 2021 07:30:16 gpu_task_scheduler.py[line:55] INFO gpu0 receives task aux_disc-False,dataset-google,epoch-400,epoch_checkpoint_freq-1,extra_checkpoint_freq-5,run-1,sample_len-5,self_norm-False,
Sun, 28 Feb 2021 07:30:18 gpu_task_scheduler.py[line:96] INFO gpu0 finishes task aux_disc-False,dataset-google,epoch-400,epoch_checkpoint_freq-1,extra_checkpoint_freq-5,run-1,sample_len-5,self_norm-False,
Sun, 28 Feb 2021 07:30:18 gpu_task_scheduler.py[line:55] INFO gpu0 receives task aux_disc-False,dataset-google,epoch-400,epoch_checkpoint_freq-1,extra_checkpoint_freq-5,run-1,sample_len-10,self_norm-False,
Sun, 28 Feb 2021 07:30:20 gpu_task_scheduler.py[line:96] INFO gpu0 finishes task aux_disc-False,dataset-google,epoch-400,epoch_checkpoint_freq-1,extra_checkpoint_freq-5,run-1,sample_len-10,self_norm-False,
Sun, 28 Feb 2021 07:30:20 gpu_task_scheduler.py[line:55] INFO gpu0 receives task aux_disc-False,dataset-google,epoch-400,epoch_checkpoint_freq-1,extra_checkpoint_freq-5,run-2,sample_len-1,self_norm-False,
Sun, 28 Feb 2021 07:30:22 gpu_task_scheduler.py[line:96] INFO gpu0 finishes task aux_disc-False,dataset-google,epoch-400,epoch_checkpoint_freq-1,extra_checkpoint_freq-5,run-2,sample_len-1,self_norm-False,
Sun, 28 Feb 2021 07:30:22 gpu_task_scheduler.py[line:55] INFO gpu0 receives task aux_disc-False,dataset-google,epoch-400,epoch_checkpoint_freq-1,extra_checkpoint_freq-5,run-2,sample_len-5,self_norm-False,
Sun, 28 Feb 2021 07:30:24 gpu_task_scheduler.py[line:96] INFO gpu0 finishes task aux_disc-False,dataset-google,epoch-400,epoch_checkpoint_freq-1,extra_checkpoint_freq-5,run-2,sample_len-5,self_norm-False,
Sun, 28 Feb 2021 07:30:24 gpu_task_scheduler.py[line:55] INFO gpu0 receives task aux_disc-False,dataset-google,epoch-400,epoch_checkpoint_freq-1,extra_checkpoint_freq-5,run-2,sample_len-10,self_norm-False,
Sun, 28 Feb 2021 07:30:26 gpu_task_scheduler.py[line:96] INFO gpu0 finishes task aux_disc-False,dataset-google,epoch-400,epoch_checkpoint_freq-1,extra_checkpoint_freq-5,run-2,sample_len-10,self_norm-False,
Sun, 28 Feb 2021 07:30:26 gpu_task_scheduler.py[line:55] INFO gpu0 receives task aux_disc-True,dataset-web,epoch-400,epoch_checkpoint_freq-1,extra_checkpoint_freq-5,run-0,sample_len-1,self_norm-True,
Sun, 28 Feb 2021 07:30:28 gpu_task_scheduler.py[line:96] INFO gpu0 finishes task aux_disc-True,dataset-web,epoch-400,epoch_checkpoint_freq-1,extra_checkpoint_freq-5,run-0,sample_len-1,self_norm-True,
Sun, 28 Feb 2021 07:30:28 gpu_task_scheduler.py[line:55] INFO gpu0 receives task aux_disc-True,dataset-web,epoch-400,epoch_checkpoint_freq-1,extra_checkpoint_freq-5,run-0,sample_len-5,self_norm-True,
Sun, 28 Feb 2021 07:30:29 gpu_task_scheduler.py[line:96] INFO gpu0 finishes task aux_disc-True,dataset-web,epoch-400,epoch_checkpoint_freq-1,extra_checkpoint_freq-5,run-0,sample_len-5,self_norm-True,
Sun, 28 Feb 2021 07:30:30 gpu_task_scheduler.py[line:55] INFO gpu0 receives task aux_disc-True,dataset-web,epoch-400,epoch_checkpoint_freq-1,extra_checkpoint_freq-5,run-0,sample_len-10,self_norm-True,
Sun, 28 Feb 2021 07:30:31 gpu_task_scheduler.py[line:96] INFO gpu0 finishes task aux_disc-True,dataset-web,epoch-400,epoch_checkpoint_freq-1,extra_checkpoint_freq-5,run-0,sample_len-10,self_norm-True,
Sun, 28 Feb 2021 07:30:31 gpu_task_scheduler.py[line:55] INFO gpu0 receives task aux_disc-True,dataset-web,epoch-400,epoch_checkpoint_freq-1,extra_checkpoint_freq-5,run-0,sample_len-25,self_norm-True,
Sun, 28 Feb 2021 07:30:33 gpu_task_scheduler.py[line:96] INFO gpu0 finishes task aux_disc-True,dataset-web,epoch-400,epoch_checkpoint_freq-1,extra_checkpoint_freq-5,run-0,sample_len-25,self_norm-True,
Sun, 28 Feb 2021 07:30:33 gpu_task_scheduler.py[line:55] INFO gpu0 receives task aux_disc-True,dataset-web,epoch-400,epoch_checkpoint_freq-1,extra_checkpoint_freq-5,run-0,sample_len-50,self_norm-True,
Sun, 28 Feb 2021 07:32:20 gpu_task_scheduler.py[line:55] INFO gpu0 receives task aux_disc-False,dataset-iot,epoch-1000,epoch_checkpoint_freq-1,extra_checkpoint_freq-5,run-0,sample_len-1,self_norm-False,
Sun, 28 Feb 2021 07:32:22 gpu_task_scheduler.py[line:96] INFO gpu0 finishes task aux_disc-False,dataset-iot,epoch-1000,epoch_checkpoint_freq-1,extra_checkpoint_freq-5,run-0,sample_len-1,self_norm-False,
Sun, 28 Feb 2021 07:32:22 gpu_task_scheduler.py[line:48] INFO gpu0 finished
Sun, 28 Feb 2021 07:33:14 gpu_task_scheduler.py[line:55] INFO gpu0 receives task aux_disc-False,dataset-iot,epoch-10000,epoch_checkpoint_freq-1,extra_checkpoint_freq-5,run-0,sample_len-1,self_norm-False,
Sun, 28 Feb 2021 07:33:16 gpu_task_scheduler.py[line:96] INFO gpu0 finishes task aux_disc-False,dataset-iot,epoch-10000,epoch_checkpoint_freq-1,extra_checkpoint_freq-5,run-0,sample_len-1,self_norm-False,
Sun, 28 Feb 2021 07:33:16 gpu_task_scheduler.py[line:48] INFO gpu0 finished
Sun, 28 Feb 2021 08:13:28 gpu_task_scheduler.py[line:55] INFO gpu0 receives task aux_disc-False,dataset-iot,epoch-10000,epoch_checkpoint_freq-1,extra_checkpoint_freq-5,run-0,sample_len-1,self_norm-False,
Sun, 28 Feb 2021 08:13:28 gpu_task_scheduler.py[line:58] INFO gpu0 skips task aux_disc-False,dataset-iot,epoch-10000,epoch_checkpoint_freq-1,extra_checkpoint_freq-5,run-0,sample_len-1,self_norm-False,
Sun, 28 Feb 2021 08:13:28 gpu_task_scheduler.py[line:48] INFO gpu0 finished
Sun, 28 Feb 2021 08:13:45 gpu_task_scheduler.py[line:55] INFO gpu0 receives task aux_disc-False,dataset-iot,epoch-10000,epoch_checkpoint_freq-1,extra_checkpoint_freq-5,run-0,sample_len-1,self_norm-False,
Sun, 28 Feb 2021 08:13:45 gpu_task_scheduler.py[line:58] INFO gpu0 skips task aux_disc-False,dataset-iot,epoch-10000,epoch_checkpoint_freq-1,extra_checkpoint_freq-5,run-0,sample_len-1,self_norm-False,
Sun, 28 Feb 2021 08:13:45 gpu_task_scheduler.py[line:48] INFO gpu0 finished
Sun, 28 Feb 2021 08:14:11 gpu_task_scheduler.py[line:55] INFO gpu0 receives task aux_disc-False,dataset-iot,epoch-10000,epoch_checkpoint_freq-1,extra_checkpoint_freq-5,run-0,sample_len-1,self_norm-False,
Sun, 28 Feb 2021 08:14:20 gpu_task_scheduler.py[line:96] INFO gpu0 finishes task aux_disc-False,dataset-iot,epoch-10000,epoch_checkpoint_freq-1,extra_checkpoint_freq-5,run-0,sample_len-1,self_norm-False,
Sun, 28 Feb 2021 08:14:20 gpu_task_scheduler.py[line:48] INFO gpu0 finished
Sun, 28 Feb 2021 18:59:44 gpu_task_scheduler.py[line:55] INFO gpu0 receives task aux_disc-False,dataset-iot,epoch-10000,epoch_checkpoint_freq-1,extra_checkpoint_freq-5,run-0,sample_len-1,self_norm-False,
Sun, 28 Feb 2021 18:59:44 gpu_task_scheduler.py[line:58] INFO gpu0 skips task aux_disc-False,dataset-iot,epoch-10000,epoch_checkpoint_freq-1,extra_checkpoint_freq-5,run-0,sample_len-1,self_norm-False,
Sun, 28 Feb 2021 18:59:44 gpu_task_scheduler.py[line:48] INFO gpu0 finished
Sun, 28 Feb 2021 19:09:39 gpu_task_scheduler.py[line:55] INFO gpu0 receives task aux_disc-False,dataset-iot,epoch-10000,epoch_checkpoint_freq-1,extra_checkpoint_freq-5,run-0,sample_len-1,self_norm-False,
Sun, 28 Feb 2021 19:09:45 gpu_task_scheduler.py[line:96] INFO gpu0 finishes task aux_disc-False,dataset-iot,epoch-10000,epoch_checkpoint_freq-1,extra_checkpoint_freq-5,run-0,sample_len-1,self_norm-False,
Sun, 28 Feb 2021 19:09:45 gpu_task_scheduler.py[line:48] INFO gpu0 finished
Sun, 28 Feb 2021 19:55:17 gpu_task_scheduler.py[line:55] INFO gpu0 receives task aux_disc-False,dataset-iot,epoch-10000,epoch_checkpoint_freq-1,extra_checkpoint_freq-5,run-0,sample_len-1,self_norm-False,
Sun, 28 Feb 2021 19:55:20 gpu_task_scheduler.py[line:96] INFO gpu0 finishes task aux_disc-False,dataset-iot,epoch-10000,epoch_checkpoint_freq-1,extra_checkpoint_freq-5,run-0,sample_len-1,self_norm-False,
Sun, 28 Feb 2021 19:55:20 gpu_task_scheduler.py[line:48] INFO gpu0 finished
Sun, 28 Feb 2021 20:29:15 gpu_task_scheduler.py[line:55] INFO gpu0 receives task aux_disc-False,dataset-iot,epoch-10000,epoch_checkpoint_freq-1,extra_checkpoint_freq-5,run-0,sample_len-1,self_norm-False,
Sun, 28 Feb 2021 20:29:17 gpu_task_scheduler.py[line:96] INFO gpu0 finishes task aux_disc-False,dataset-iot,epoch-10000,epoch_checkpoint_freq-1,extra_checkpoint_freq-5,run-0,sample_len-1,self_norm-False,
Sun, 28 Feb 2021 20:29:17 gpu_task_scheduler.py[line:48] INFO gpu0 finished
